2018-02-13T12:29:36.989Z - info: [0mGET / [32m200 [0m41.183 ms - -[0m

2018-02-13T12:29:37.130Z - info: [0mGET /f5cf1b890db925b08f141c26dec5b95e.jpg [32m200 [0m3.033 ms - 19042[0m

2018-02-13T12:29:37.217Z - info: [0mGET /favicon.ico [32m200 [0m10.898 ms - 546[0m

2018-02-13T12:29:51.601Z - info: [0mGET / [36m304 [0m11.331 ms - -[0m

2018-02-13T12:29:51.614Z - info: [0mGET /f5cf1b890db925b08f141c26dec5b95e.jpg [36m304 [0m1.619 ms - -[0m

2018-02-13T12:29:51.776Z - info: [0mGET /favicon.ico [36m304 [0m6.770 ms - -[0m

2018-02-13T12:49:50.038Z - info: [0mGET / [36m304 [0m48.983 ms - -[0m

2018-02-13T12:49:50.058Z - info: [0mGET /f5cf1b890db925b08f141c26dec5b95e.jpg [36m304 [0m1.779 ms - -[0m

2018-02-13T12:49:50.234Z - info: [0mGET /favicon.ico [36m304 [0m8.331 ms - -[0m

2018-02-14T19:14:50.763Z - info: [0mGET / [36m304 [0m15.836 ms - -[0m

2018-02-14T19:14:50.781Z - info: [0mGET /f5cf1b890db925b08f141c26dec5b95e.jpg [36m304 [0m1.958 ms - -[0m

2018-02-14T19:14:50.875Z - info: [0mGET /favicon.ico [32m200 [0m1.405 ms - 1150[0m

2018-02-14T19:15:27.490Z - info: [0mGET / [36m304 [0m13.939 ms - -[0m

2018-02-14T19:15:27.505Z - info: [0mGET /f5cf1b890db925b08f141c26dec5b95e.jpg [36m304 [0m0.933 ms - -[0m

2018-02-14T19:20:08.613Z - info: [0mGET / [36m302 [0m36.724 ms - 70[0m

2018-02-14T19:20:08.621Z - info: [0mGET /server-error [36m302 [0m4.405 ms - 70[0m

2018-02-14T19:20:08.627Z - info: [0mGET /server-error [36m302 [0m3.205 ms - 70[0m

2018-02-14T19:20:08.633Z - info: [0mGET /server-error [36m302 [0m3.407 ms - 70[0m

2018-02-14T19:20:08.638Z - info: [0mGET /server-error [36m302 [0m2.798 ms - 70[0m

2018-02-14T19:20:08.644Z - info: [0mGET /server-error [36m302 [0m3.024 ms - 70[0m

2018-02-14T19:20:08.652Z - info: [0mGET /server-error [36m302 [0m3.873 ms - 70[0m

2018-02-14T19:20:08.666Z - info: [0mGET /server-error [36m302 [0m10.010 ms - 70[0m

2018-02-14T19:20:08.672Z - info: [0mGET /server-error [36m302 [0m3.526 ms - 70[0m

2018-02-14T19:20:08.680Z - info: [0mGET /server-error [36m302 [0m3.034 ms - 70[0m

2018-02-14T19:20:08.687Z - info: [0mGET /server-error [36m302 [0m3.778 ms - 70[0m

2018-02-14T19:20:08.693Z - info: [0mGET /server-error [36m302 [0m2.509 ms - 70[0m

2018-02-14T19:20:08.699Z - info: [0mGET /server-error [36m302 [0m3.032 ms - 70[0m

2018-02-14T19:20:08.706Z - info: [0mGET /server-error [36m302 [0m3.333 ms - 70[0m

2018-02-14T19:20:08.713Z - info: [0mGET /server-error [36m302 [0m3.080 ms - 70[0m

2018-02-14T19:20:08.720Z - info: [0mGET /server-error [36m302 [0m2.629 ms - 70[0m

2018-02-14T19:20:08.725Z - info: [0mGET /server-error [36m302 [0m2.517 ms - 70[0m

2018-02-14T19:20:08.731Z - info: [0mGET /server-error [36m302 [0m2.832 ms - 70[0m

2018-02-14T19:20:08.738Z - info: [0mGET /server-error [36m302 [0m3.414 ms - 70[0m

2018-02-14T19:20:08.745Z - info: [0mGET /server-error [36m302 [0m3.143 ms - 70[0m

2018-02-14T19:20:08.752Z - info: [0mGET /server-error [36m302 [0m3.149 ms - 70[0m

2018-02-14T19:20:08.854Z - info: [0mGET /server-error [36m302 [0m3.599 ms - 70[0m

2018-02-14T19:20:08.861Z - info: [0mGET /server-error [36m302 [0m2.536 ms - 70[0m

2018-02-14T19:20:08.866Z - info: [0mGET /server-error [36m302 [0m2.698 ms - 70[0m

2018-02-14T19:20:08.876Z - info: [0mGET /server-error [36m302 [0m4.348 ms - 70[0m

2018-02-14T19:20:08.882Z - info: [0mGET /server-error [36m302 [0m3.007 ms - 70[0m

2018-02-14T19:20:08.889Z - info: [0mGET /server-error [36m302 [0m3.463 ms - 70[0m

2018-02-14T19:20:08.896Z - info: [0mGET /server-error [36m302 [0m3.204 ms - 70[0m

2018-02-14T19:20:08.902Z - info: [0mGET /server-error [36m302 [0m2.877 ms - 70[0m

2018-02-14T19:20:08.909Z - info: [0mGET /server-error [36m302 [0m2.673 ms - 70[0m

2018-02-14T19:20:08.914Z - info: [0mGET /server-error [36m302 [0m2.398 ms - 70[0m

2018-02-14T19:20:08.920Z - info: [0mGET /server-error [36m302 [0m2.636 ms - 70[0m

2018-02-14T19:20:08.928Z - info: [0mGET /server-error [36m302 [0m3.945 ms - 70[0m

2018-02-14T19:20:08.936Z - info: [0mGET /server-error [36m302 [0m3.920 ms - 70[0m

2018-02-14T19:20:08.943Z - info: [0mGET /server-error [36m302 [0m2.945 ms - 70[0m

2018-02-14T19:20:08.950Z - info: [0mGET /server-error [36m302 [0m3.202 ms - 70[0m

2018-02-14T19:20:08.957Z - info: [0mGET /server-error [36m302 [0m3.299 ms - 70[0m

2018-02-14T19:20:08.964Z - info: [0mGET /server-error [36m302 [0m3.510 ms - 70[0m

2018-02-14T19:20:08.972Z - info: [0mGET /server-error [36m302 [0m4.125 ms - 70[0m

2018-02-14T19:20:08.980Z - info: [0mGET /server-error [36m302 [0m3.960 ms - 70[0m

2018-02-14T19:20:08.988Z - info: [0mGET /server-error [36m302 [0m3.589 ms - 70[0m

2018-02-14T19:20:08.994Z - info: [0mGET /server-error [36m302 [0m2.914 ms - 70[0m

2018-02-14T19:20:14.006Z - info: [0mGET /server-error [36m302 [0m4.244 ms - 70[0m

2018-02-14T19:20:14.011Z - info: [0mGET /server-error [36m302 [0m2.490 ms - 70[0m

2018-02-14T19:20:14.016Z - info: [0mGET /server-error [36m302 [0m2.289 ms - 70[0m

2018-02-14T19:20:14.021Z - info: [0mGET /server-error [36m302 [0m2.499 ms - 70[0m

2018-02-14T19:20:14.026Z - info: [0mGET /server-error [36m302 [0m2.193 ms - 70[0m

2018-02-14T19:20:14.032Z - info: [0mGET /server-error [36m302 [0m2.754 ms - 70[0m

2018-02-14T19:20:14.039Z - info: [0mGET /server-error [36m302 [0m3.491 ms - 70[0m

2018-02-14T19:20:14.046Z - info: [0mGET /server-error [36m302 [0m3.479 ms - 70[0m

2018-02-14T19:20:14.052Z - info: [0mGET /server-error [36m302 [0m2.975 ms - 70[0m

2018-02-14T19:20:14.059Z - info: [0mGET /server-error [36m302 [0m2.996 ms - 70[0m

2018-02-14T19:20:14.066Z - info: [0mGET /server-error [36m302 [0m3.694 ms - 70[0m

2018-02-14T19:20:14.073Z - info: [0mGET /server-error [36m302 [0m2.615 ms - 70[0m

2018-02-14T19:20:14.078Z - info: [0mGET /server-error [36m302 [0m2.542 ms - 70[0m

2018-02-14T19:20:14.083Z - info: [0mGET /server-error [36m302 [0m2.172 ms - 70[0m

2018-02-14T19:20:14.089Z - info: [0mGET /server-error [36m302 [0m2.958 ms - 70[0m

2018-02-14T19:20:14.095Z - info: [0mGET /server-error [36m302 [0m2.898 ms - 70[0m

2018-02-14T19:20:14.106Z - info: [0mGET /server-error [36m302 [0m3.207 ms - 70[0m

2018-02-14T19:20:14.111Z - info: [0mGET /server-error [36m302 [0m2.232 ms - 70[0m

2018-02-14T19:20:14.116Z - info: [0mGET /server-error [36m302 [0m2.584 ms - 70[0m

2018-02-14T19:20:14.123Z - info: [0mGET /server-error [36m302 [0m3.208 ms - 70[0m

2018-02-14T19:20:14.129Z - info: [0mGET /server-error [36m302 [0m2.855 ms - 70[0m

2018-02-15T00:44:11.525Z - info: [0mGET / [32m200 [0m216.403 ms - -[0m

2018-02-15T00:44:11.532Z - info: [0mGET /f5cf1b890db925b08f141c26dec5b95e.jpg [36m304 [0m1.356 ms - -[0m

2018-02-15T00:46:01.442Z - info: [0mGET / [36m304 [0m19.086 ms - -[0m

2018-02-15T00:46:01.450Z - info: [0mGET /f5cf1b890db925b08f141c26dec5b95e.jpg [36m304 [0m1.337 ms - -[0m

2018-02-15T00:49:38.963Z - info: [0mGET /f5cf1b890db925b08f141c26dec5b95e.jpg [36m304 [0m3.427 ms - -[0m

2018-02-15T00:52:34.556Z - info: [0mGET / [36m304 [0m18.998 ms - -[0m

2018-02-15T00:52:34.575Z - info: [0mGET /f5cf1b890db925b08f141c26dec5b95e.jpg [36m304 [0m1.330 ms - -[0m

2018-02-15T20:46:13.554Z - info: [0mGET / [36m304 [0m15.776 ms - -[0m

2018-02-15T20:46:13.573Z - info: [0mGET /f5cf1b890db925b08f141c26dec5b95e.jpg [36m304 [0m2.891 ms - -[0m

2018-02-15T20:54:56.974Z - info: [0mGET / [36m304 [0m20.962 ms - -[0m

2018-02-15T20:54:56.986Z - info: [0mGET /f5cf1b890db925b08f141c26dec5b95e.jpg [36m304 [0m1.407 ms - -[0m

2018-02-15T20:54:57.060Z - info: [0mGET /favicon.ico [32m200 [0m1.579 ms - 1150[0m

2018-02-15T21:39:44.504Z - info: [0mGET / [32m200 [0m18.405 ms - -[0m

2018-02-15T21:39:44.509Z - info: [0mGET /f5cf1b890db925b08f141c26dec5b95e.jpg [36m304 [0m1.273 ms - -[0m

2018-02-15T21:42:35.817Z - info: [0mGET / [36m304 [0m18.826 ms - -[0m

2018-02-15T21:42:35.826Z - info: [0mGET /f5cf1b890db925b08f141c26dec5b95e.jpg [36m304 [0m1.456 ms - -[0m

2018-02-15T21:42:35.907Z - info: [0mGET /favicon.ico [32m200 [0m1.444 ms - 1150[0m

2018-02-15T21:43:39.701Z - info: [0mGET /f5cf1b890db925b08f141c26dec5b95e.jpg [36m304 [0m3.460 ms - -[0m

2018-02-15T21:48:30.345Z - info: [0mGET / [32m200 [0m20.223 ms - -[0m

2018-02-15T21:48:30.352Z - info: [0mGET /f5cf1b890db925b08f141c26dec5b95e.jpg [36m304 [0m0.905 ms - -[0m

2018-02-15T21:48:30.434Z - info: [0mGET /favicon.ico [32m200 [0m1.814 ms - 1150[0m

2018-02-15T21:50:50.222Z - info: [0mGET /f5cf1b890db925b08f141c26dec5b95e.jpg [36m304 [0m3.362 ms - -[0m

2018-02-15T21:53:35.450Z - info: [0mGET / [32m200 [0m18.080 ms - -[0m

2018-02-15T21:53:35.465Z - info: [0mGET /f5cf1b890db925b08f141c26dec5b95e.jpg [36m304 [0m1.410 ms - -[0m

2018-02-15T21:58:27.081Z - info: [0mGET /f5cf1b890db925b08f141c26dec5b95e.jpg [36m304 [0m3.775 ms - -[0m

2018-02-15T22:32:35.186Z - info: [0mGET / [36m304 [0m18.519 ms - -[0m

2018-02-15T22:32:35.203Z - info: [0mGET /f5cf1b890db925b08f141c26dec5b95e.jpg [36m304 [0m1.466 ms - -[0m

2018-02-15T22:33:12.593Z - info: [0mGET / [36m304 [0m5.448 ms - -[0m

2018-02-15T22:33:12.604Z - info: [0mGET /f5cf1b890db925b08f141c26dec5b95e.jpg [36m304 [0m0.682 ms - -[0m

2018-02-15T22:34:59.284Z - info: [0mGET / [36m302 [0m29.563 ms - 70[0m

2018-02-15T22:34:59.292Z - info: [0mGET /server-error [36m302 [0m4.559 ms - 70[0m

2018-02-15T22:34:59.299Z - info: [0mGET /server-error [36m302 [0m3.460 ms - 70[0m

2018-02-15T22:34:59.304Z - info: [0mGET /server-error [36m302 [0m2.367 ms - 70[0m

2018-02-15T22:34:59.310Z - info: [0mGET /server-error [36m302 [0m3.172 ms - 70[0m

2018-02-15T22:34:59.318Z - info: [0mGET /server-error [36m302 [0m3.542 ms - 70[0m

2018-02-15T22:34:59.326Z - info: [0mGET /server-error [36m302 [0m3.056 ms - 70[0m

2018-02-15T22:34:59.332Z - info: [0mGET /server-error [36m302 [0m3.090 ms - 70[0m

2018-02-15T22:34:59.339Z - info: [0mGET /server-error [36m302 [0m2.748 ms - 70[0m

2018-02-15T22:34:59.344Z - info: [0mGET /server-error [36m302 [0m2.121 ms - 70[0m

2018-02-15T22:34:59.350Z - info: [0mGET /server-error [36m302 [0m2.344 ms - 70[0m

2018-02-15T22:34:59.355Z - info: [0mGET /server-error [36m302 [0m2.767 ms - 70[0m

2018-02-15T22:34:59.361Z - info: [0mGET /server-error [36m302 [0m2.342 ms - 70[0m

2018-02-15T22:34:59.367Z - info: [0mGET /server-error [36m302 [0m2.363 ms - 70[0m

2018-02-15T22:34:59.373Z - info: [0mGET /server-error [36m302 [0m2.476 ms - 70[0m

2018-02-15T22:34:59.382Z - info: [0mGET /server-error [36m302 [0m2.618 ms - 70[0m

2018-02-15T22:34:59.389Z - info: [0mGET /server-error [36m302 [0m3.252 ms - 70[0m

2018-02-15T22:34:59.394Z - info: [0mGET /server-error [36m302 [0m2.360 ms - 70[0m

2018-02-15T22:34:59.399Z - info: [0mGET /server-error [36m302 [0m2.210 ms - 70[0m

2018-02-15T22:34:59.404Z - info: [0mGET /server-error [36m302 [0m2.117 ms - 70[0m

2018-02-15T22:34:59.411Z - info: [0mGET /server-error [36m302 [0m3.222 ms - 70[0m

2018-02-15T22:34:59.529Z - info: [0mGET /server-error [36m302 [0m2.565 ms - 70[0m

2018-02-15T22:34:59.536Z - info: [0mGET /server-error [36m302 [0m3.858 ms - 70[0m

2018-02-15T22:34:59.543Z - info: [0mGET /server-error [36m302 [0m3.475 ms - 70[0m

2018-02-15T22:34:59.550Z - info: [0mGET /server-error [36m302 [0m3.467 ms - 70[0m

2018-02-15T22:34:59.560Z - info: [0mGET /server-error [36m302 [0m4.153 ms - 70[0m

2018-02-15T22:34:59.566Z - info: [0mGET /server-error [36m302 [0m2.953 ms - 70[0m

2018-02-15T22:34:59.575Z - info: [0mGET /server-error [36m302 [0m3.617 ms - 70[0m

2018-02-15T22:34:59.583Z - info: [0mGET /server-error [36m302 [0m4.383 ms - 70[0m

2018-02-15T22:34:59.590Z - info: [0mGET /server-error [36m302 [0m3.082 ms - 70[0m

2018-02-15T22:34:59.596Z - info: [0mGET /server-error [36m302 [0m2.329 ms - 70[0m

2018-02-15T22:34:59.602Z - info: [0mGET /server-error [36m302 [0m2.628 ms - 70[0m

2018-02-15T22:34:59.611Z - info: [0mGET /server-error [36m302 [0m4.487 ms - 70[0m

2018-02-15T22:34:59.618Z - info: [0mGET /server-error [36m302 [0m3.224 ms - 70[0m

2018-02-15T22:34:59.626Z - info: [0mGET /server-error [36m302 [0m3.519 ms - 70[0m

2018-02-15T22:34:59.631Z - info: [0mGET /server-error [36m302 [0m2.073 ms - 70[0m

2018-02-15T22:34:59.635Z - info: [0mGET /server-error [36m302 [0m2.058 ms - 70[0m

2018-02-15T22:34:59.641Z - info: [0mGET /server-error [36m302 [0m2.565 ms - 70[0m

2018-02-15T22:34:59.647Z - info: [0mGET /server-error [36m302 [0m2.870 ms - 70[0m

2018-02-15T22:34:59.652Z - info: [0mGET /server-error [36m302 [0m2.070 ms - 70[0m

2018-02-15T22:34:59.733Z - info: [0mGET /server-error [36m302 [0m2.439 ms - 70[0m

2018-02-15T22:34:59.739Z - info: [0mGET /server-error [36m302 [0m2.324 ms - 70[0m

2018-02-15T22:34:59.745Z - info: [0mGET /server-error [36m302 [0m2.601 ms - 70[0m

2018-02-15T22:34:59.752Z - info: [0mGET /server-error [36m302 [0m3.714 ms - 70[0m

2018-02-15T22:34:59.758Z - info: [0mGET /server-error [36m302 [0m2.376 ms - 70[0m

2018-02-15T22:34:59.764Z - info: [0mGET /server-error [36m302 [0m3.127 ms - 70[0m

2018-02-15T22:34:59.769Z - info: [0mGET /server-error [36m302 [0m2.428 ms - 70[0m

2018-02-15T22:34:59.775Z - info: [0mGET /server-error [36m302 [0m2.582 ms - 70[0m

2018-02-15T22:34:59.782Z - info: [0mGET /server-error [36m302 [0m2.654 ms - 70[0m

2018-02-15T22:34:59.787Z - info: [0mGET /server-error [36m302 [0m2.396 ms - 70[0m

2018-02-15T22:34:59.793Z - info: [0mGET /server-error [36m302 [0m3.076 ms - 70[0m

2018-02-15T22:34:59.799Z - info: [0mGET /server-error [36m302 [0m2.467 ms - 70[0m

2018-02-15T22:34:59.805Z - info: [0mGET /server-error [36m302 [0m2.847 ms - 70[0m

2018-02-15T22:34:59.810Z - info: [0mGET /server-error [36m302 [0m2.265 ms - 70[0m

2018-02-15T22:34:59.815Z - info: [0mGET /server-error [36m302 [0m2.288 ms - 70[0m

2018-02-15T22:34:59.821Z - info: [0mGET /server-error [36m302 [0m3.116 ms - 70[0m

2018-02-15T22:34:59.831Z - info: [0mGET /server-error [36m302 [0m4.445 ms - 70[0m

2018-02-15T22:34:59.837Z - info: [0mGET /server-error [36m302 [0m2.808 ms - 70[0m

2018-02-15T22:34:59.843Z - info: [0mGET /server-error [36m302 [0m2.757 ms - 70[0m

2018-02-15T22:34:59.849Z - info: [0mGET /server-error [36m302 [0m2.626 ms - 70[0m

2018-02-15T22:34:59.853Z - info: [0mGET /server-error [36m302 [0m2.051 ms - 70[0m

2018-02-15T22:35:04.864Z - info: [0mGET /server-error [36m302 [0m3.571 ms - 70[0m

2018-02-15T22:35:04.872Z - info: [0mGET /server-error [36m302 [0m3.174 ms - 70[0m

2018-02-15T22:35:04.881Z - info: [0mGET /server-error [36m302 [0m3.885 ms - 70[0m

2018-02-15T22:35:04.888Z - info: [0mGET /server-error [36m302 [0m3.042 ms - 70[0m

2018-02-15T22:35:04.901Z - info: [0mGET /server-error [36m302 [0m9.324 ms - 70[0m

2018-02-15T22:35:04.911Z - info: [0mGET /server-error [36m302 [0m3.898 ms - 70[0m

2018-02-15T22:35:04.918Z - info: [0mGET /server-error [36m302 [0m3.547 ms - 70[0m

2018-02-15T22:35:04.925Z - info: [0mGET /server-error [36m302 [0m3.144 ms - 70[0m

2018-02-15T22:35:04.931Z - info: [0mGET /server-error [36m302 [0m2.651 ms - 70[0m

2018-02-15T22:35:04.938Z - info: [0mGET /server-error [36m302 [0m2.795 ms - 70[0m

2018-02-15T22:35:04.945Z - info: [0mGET /server-error [36m302 [0m2.758 ms - 70[0m

2018-02-15T22:35:04.951Z - info: [0mGET /server-error [36m302 [0m3.084 ms - 70[0m

2018-02-15T22:35:04.960Z - info: [0mGET /server-error [36m302 [0m5.442 ms - 70[0m

2018-02-15T22:35:04.965Z - info: [0mGET /server-error [36m302 [0m2.708 ms - 70[0m

2018-02-15T22:35:04.971Z - info: [0mGET /server-error [36m302 [0m2.805 ms - 70[0m

2018-02-15T22:35:04.978Z - info: [0mGET /server-error [36m302 [0m2.680 ms - 70[0m

2018-02-15T22:35:04.983Z - info: [0mGET /server-error [36m302 [0m2.569 ms - 70[0m

2018-02-15T22:35:04.989Z - info: [0mGET /server-error [36m302 [0m3.260 ms - 70[0m

2018-02-15T22:35:04.995Z - info: [0mGET /server-error [36m302 [0m2.621 ms - 70[0m

2018-02-15T22:35:05.001Z - info: [0mGET /server-error [36m302 [0m2.647 ms - 70[0m

2018-02-15T22:35:05.006Z - info: [0mGET /server-error [36m302 [0m1.981 ms - 70[0m

2018-02-15T22:37:51.087Z - info: [0mGET / [32m200 [0m18.573 ms - -[0m

2018-02-15T22:37:51.102Z - info: [0mGET /f5cf1b890db925b08f141c26dec5b95e.jpg [36m304 [0m2.087 ms - -[0m

2018-02-15T22:39:34.988Z - info: [0mGET /f5cf1b890db925b08f141c26dec5b95e.jpg [36m304 [0m3.521 ms - -[0m

2018-02-15T22:39:44.058Z - info: [0mGET / [36m302 [0m32.523 ms - 70[0m

2018-02-15T22:39:44.065Z - info: [0mGET /server-error [36m302 [0m4.018 ms - 70[0m

2018-02-15T22:39:44.075Z - info: [0mGET /server-error [36m302 [0m3.542 ms - 70[0m

2018-02-15T22:39:44.081Z - info: [0mGET /server-error [36m302 [0m2.987 ms - 70[0m

2018-02-15T22:39:44.088Z - info: [0mGET /server-error [36m302 [0m3.349 ms - 70[0m

2018-02-15T22:39:44.095Z - info: [0mGET /server-error [36m302 [0m3.325 ms - 70[0m

2018-02-15T22:39:44.103Z - info: [0mGET /server-error [36m302 [0m3.408 ms - 70[0m

2018-02-15T22:39:44.108Z - info: [0mGET /server-error [36m302 [0m2.520 ms - 70[0m

2018-02-15T22:39:44.114Z - info: [0mGET /server-error [36m302 [0m2.586 ms - 70[0m

2018-02-15T22:39:44.120Z - info: [0mGET /server-error [36m302 [0m2.859 ms - 70[0m

2018-02-15T22:39:44.127Z - info: [0mGET /server-error [36m302 [0m3.452 ms - 70[0m

2018-02-15T22:39:44.135Z - info: [0mGET /server-error [36m302 [0m3.125 ms - 70[0m

2018-02-15T22:39:44.141Z - info: [0mGET /server-error [36m302 [0m2.962 ms - 70[0m

2018-02-15T22:39:44.146Z - info: [0mGET /server-error [36m302 [0m2.220 ms - 70[0m

2018-02-15T22:39:44.155Z - info: [0mGET /server-error [36m302 [0m6.262 ms - 70[0m

2018-02-15T22:39:44.161Z - info: [0mGET /server-error [36m302 [0m2.505 ms - 70[0m

2018-02-15T22:39:44.167Z - info: [0mGET /server-error [36m302 [0m2.494 ms - 70[0m

2018-02-15T22:39:44.173Z - info: [0mGET /server-error [36m302 [0m2.637 ms - 70[0m

2018-02-15T22:39:44.179Z - info: [0mGET /server-error [36m302 [0m3.097 ms - 70[0m

2018-02-15T22:39:44.186Z - info: [0mGET /server-error [36m302 [0m3.340 ms - 70[0m

2018-02-15T22:39:44.195Z - info: [0mGET /server-error [36m302 [0m2.835 ms - 70[0m

2018-02-15T22:39:44.282Z - info: [0mGET /server-error [36m302 [0m2.142 ms - 70[0m

2018-02-15T22:39:44.290Z - info: [0mGET /server-error [36m302 [0m2.211 ms - 70[0m

2018-02-15T22:39:44.296Z - info: [0mGET /server-error [36m302 [0m2.994 ms - 70[0m

2018-02-15T22:39:44.304Z - info: [0mGET /server-error [36m302 [0m3.242 ms - 70[0m

2018-02-15T22:39:44.312Z - info: [0mGET /server-error [36m302 [0m3.163 ms - 70[0m

2018-02-15T22:39:44.317Z - info: [0mGET /server-error [36m302 [0m2.342 ms - 70[0m

2018-02-15T22:39:44.322Z - info: [0mGET /server-error [36m302 [0m2.280 ms - 70[0m

2018-02-15T22:39:44.330Z - info: [0mGET /server-error [36m302 [0m2.847 ms - 70[0m

2018-02-15T22:39:44.337Z - info: [0mGET /server-error [36m302 [0m3.157 ms - 70[0m

2018-02-15T22:39:44.343Z - info: [0mGET /server-error [36m302 [0m2.735 ms - 70[0m

2018-02-15T22:39:44.350Z - info: [0mGET /server-error [36m302 [0m2.817 ms - 70[0m

2018-02-15T22:39:44.359Z - info: [0mGET /server-error [36m302 [0m4.424 ms - 70[0m

2018-02-15T22:39:44.364Z - info: [0mGET /server-error [36m302 [0m3.255 ms - 70[0m

2018-02-15T22:39:44.370Z - info: [0mGET /server-error [36m302 [0m2.235 ms - 70[0m

2018-02-15T22:39:44.375Z - info: [0mGET /server-error [36m302 [0m1.975 ms - 70[0m

2018-02-15T22:39:44.380Z - info: [0mGET /server-error [36m302 [0m2.593 ms - 70[0m

2018-02-15T22:39:44.387Z - info: [0mGET /server-error [36m302 [0m2.998 ms - 70[0m

2018-02-15T22:39:44.393Z - info: [0mGET /server-error [36m302 [0m2.895 ms - 70[0m

2018-02-15T22:39:44.398Z - info: [0mGET /server-error [36m302 [0m2.293 ms - 70[0m

2018-02-15T22:39:44.405Z - info: [0mGET /server-error [36m302 [0m2.705 ms - 70[0m

2018-02-15T22:39:44.410Z - info: [0mGET /server-error [36m302 [0m2.447 ms - 70[0m

2018-02-15T22:39:49.723Z - info: [0mGET /server-error [36m302 [0m2.068 ms - 70[0m

2018-02-15T22:39:49.728Z - info: [0mGET /server-error [36m302 [0m2.420 ms - 70[0m

2018-02-15T22:39:49.733Z - info: [0mGET /server-error [36m302 [0m2.297 ms - 70[0m

2018-02-15T22:39:49.738Z - info: [0mGET /server-error [36m302 [0m2.180 ms - 70[0m

2018-02-15T22:39:49.743Z - info: [0mGET /server-error [36m302 [0m2.519 ms - 70[0m

2018-02-15T22:39:49.751Z - info: [0mGET /server-error [36m302 [0m3.319 ms - 70[0m

2018-02-15T22:39:49.758Z - info: [0mGET /server-error [36m302 [0m3.010 ms - 70[0m

2018-02-15T22:39:49.765Z - info: [0mGET /server-error [36m302 [0m2.968 ms - 70[0m

2018-02-15T22:39:49.772Z - info: [0mGET /server-error [36m302 [0m3.021 ms - 70[0m

2018-02-15T22:39:49.778Z - info: [0mGET /server-error [36m302 [0m2.913 ms - 70[0m

2018-02-15T22:39:49.785Z - info: [0mGET /server-error [36m302 [0m2.739 ms - 70[0m

2018-02-15T22:39:49.793Z - info: [0mGET /server-error [36m302 [0m4.034 ms - 70[0m

2018-02-15T22:39:49.799Z - info: [0mGET /server-error [36m302 [0m2.811 ms - 70[0m

2018-02-15T22:39:49.806Z - info: [0mGET /server-error [36m302 [0m2.589 ms - 70[0m

2018-02-15T22:39:49.811Z - info: [0mGET /server-error [36m302 [0m2.381 ms - 70[0m

2018-02-15T22:39:49.816Z - info: [0mGET /server-error [36m302 [0m2.824 ms - 70[0m

2018-02-15T22:39:49.823Z - info: [0mGET /server-error [36m302 [0m3.090 ms - 70[0m

2018-02-15T22:39:49.830Z - info: [0mGET /server-error [36m302 [0m3.137 ms - 70[0m

2018-02-15T22:39:49.837Z - info: [0mGET /server-error [36m302 [0m3.065 ms - 70[0m

2018-02-15T22:39:49.842Z - info: [0mGET /server-error [36m302 [0m2.084 ms - 70[0m

2018-02-15T22:39:49.848Z - info: [0mGET /server-error [36m302 [0m2.851 ms - 70[0m

2018-02-15T22:41:48.215Z - info: [0mGET /server-error [36m302 [0m29.887 ms - 70[0m

2018-02-15T22:41:48.223Z - info: [0mGET /server-error [36m302 [0m4.762 ms - 70[0m

2018-02-15T22:41:48.227Z - info: [0mGET /server-error [36m302 [0m2.506 ms - 70[0m

2018-02-15T22:41:48.234Z - info: [0mGET /server-error [36m302 [0m3.128 ms - 70[0m

2018-02-15T22:41:48.241Z - info: [0mGET /server-error [36m302 [0m3.091 ms - 70[0m

2018-02-15T22:41:48.247Z - info: [0mGET /server-error [36m302 [0m2.833 ms - 70[0m

2018-02-15T22:41:48.254Z - info: [0mGET /server-error [36m302 [0m3.667 ms - 70[0m

2018-02-15T22:41:48.263Z - info: [0mGET /server-error [36m302 [0m3.504 ms - 70[0m

2018-02-15T22:41:48.269Z - info: [0mGET /server-error [36m302 [0m2.834 ms - 70[0m

2018-02-15T22:41:48.274Z - info: [0mGET /server-error [36m302 [0m2.103 ms - 70[0m

2018-02-15T22:41:48.279Z - info: [0mGET /server-error [36m302 [0m2.654 ms - 70[0m

2018-02-15T22:41:48.286Z - info: [0mGET /server-error [36m302 [0m2.779 ms - 70[0m

2018-02-15T22:41:48.292Z - info: [0mGET /server-error [36m302 [0m2.432 ms - 70[0m

2018-02-15T22:41:48.298Z - info: [0mGET /server-error [36m302 [0m3.148 ms - 70[0m

2018-02-15T22:41:48.305Z - info: [0mGET /server-error [36m302 [0m3.085 ms - 70[0m

2018-02-15T22:41:48.311Z - info: [0mGET /server-error [36m302 [0m2.510 ms - 70[0m

2018-02-15T22:41:48.317Z - info: [0mGET /server-error [36m302 [0m2.978 ms - 70[0m

2018-02-15T22:41:48.322Z - info: [0mGET /server-error [36m302 [0m2.667 ms - 70[0m

2018-02-15T22:41:48.328Z - info: [0mGET /server-error [36m302 [0m2.503 ms - 70[0m

2018-02-15T22:41:48.335Z - info: [0mGET /server-error [36m302 [0m3.092 ms - 70[0m

2018-02-15T22:41:48.423Z - info: [0mGET /server-error [36m302 [0m4.057 ms - 70[0m

2018-02-15T22:41:48.431Z - info: [0mGET /server-error [36m302 [0m3.751 ms - 70[0m

2018-02-15T22:41:48.437Z - info: [0mGET /server-error [36m302 [0m2.408 ms - 70[0m

2018-02-15T22:41:48.442Z - info: [0mGET /server-error [36m302 [0m2.177 ms - 70[0m

2018-02-15T22:41:48.447Z - info: [0mGET /server-error [36m302 [0m2.482 ms - 70[0m

2018-02-15T22:41:48.454Z - info: [0mGET /server-error [36m302 [0m3.229 ms - 70[0m

2018-02-15T22:41:48.464Z - info: [0mGET /server-error [36m302 [0m6.251 ms - 70[0m

2018-02-15T22:41:48.469Z - info: [0mGET /server-error [36m302 [0m2.219 ms - 70[0m

2018-02-15T22:41:48.474Z - info: [0mGET /server-error [36m302 [0m2.256 ms - 70[0m

2018-02-15T22:41:48.480Z - info: [0mGET /server-error [36m302 [0m2.485 ms - 70[0m

2018-02-15T22:41:48.486Z - info: [0mGET /server-error [36m302 [0m2.140 ms - 70[0m

2018-02-15T22:41:48.493Z - info: [0mGET /server-error [36m302 [0m2.740 ms - 70[0m

2018-02-15T22:41:48.500Z - info: [0mGET /server-error [36m302 [0m3.232 ms - 70[0m

2018-02-15T22:41:48.506Z - info: [0mGET /server-error [36m302 [0m2.980 ms - 70[0m

2018-02-15T22:41:48.513Z - info: [0mGET /server-error [36m302 [0m3.097 ms - 70[0m

2018-02-15T22:41:48.520Z - info: [0mGET /server-error [36m302 [0m2.599 ms - 70[0m

2018-02-15T22:41:48.525Z - info: [0mGET /server-error [36m302 [0m2.518 ms - 70[0m

2018-02-15T22:41:48.532Z - info: [0mGET /server-error [36m302 [0m3.248 ms - 70[0m

2018-02-15T22:41:48.539Z - info: [0mGET /server-error [36m302 [0m3.096 ms - 70[0m

2018-02-15T22:41:48.544Z - info: [0mGET /server-error [36m302 [0m2.569 ms - 70[0m

2018-02-15T22:41:48.551Z - info: [0mGET /server-error [36m302 [0m2.405 ms - 70[0m

2018-02-15T22:51:27.306Z - info: [0mGET / [36m302 [0m3.911 ms - 35[0m

2018-02-15T22:51:27.316Z - info: [0mGET /server-error [36m302 [0m1.502 ms - 35[0m

2018-02-15T22:51:27.326Z - info: [0mGET /server-error [36m302 [0m2.364 ms - 35[0m

2018-02-15T22:51:27.337Z - info: [0mGET /server-error [36m302 [0m1.416 ms - 35[0m

2018-02-15T23:14:37.721Z - info: [0mGET / [36m302 [0m32.176 ms - 70[0m

2018-02-15T23:14:37.728Z - info: [0mGET /server-error [36m302 [0m4.516 ms - 70[0m

2018-02-15T23:14:37.734Z - info: [0mGET /server-error [36m302 [0m3.562 ms - 70[0m

2018-02-15T23:14:37.742Z - info: [0mGET /server-error [36m302 [0m3.083 ms - 70[0m

2018-02-15T23:14:37.748Z - info: [0mGET /server-error [36m302 [0m3.064 ms - 70[0m

2018-02-15T23:14:37.754Z - info: [0mGET /server-error [36m302 [0m2.736 ms - 70[0m

2018-02-15T23:14:37.760Z - info: [0mGET /server-error [36m302 [0m3.051 ms - 70[0m

2018-02-15T23:14:37.767Z - info: [0mGET /server-error [36m302 [0m3.419 ms - 70[0m

2018-02-15T23:14:37.774Z - info: [0mGET /server-error [36m302 [0m2.710 ms - 70[0m

2018-02-15T23:14:37.780Z - info: [0mGET /server-error [36m302 [0m2.845 ms - 70[0m

2018-02-15T23:14:37.785Z - info: [0mGET /server-error [36m302 [0m2.238 ms - 70[0m

2018-02-15T23:14:37.790Z - info: [0mGET /server-error [36m302 [0m2.430 ms - 70[0m

2018-02-15T23:14:37.797Z - info: [0mGET /server-error [36m302 [0m3.024 ms - 70[0m

2018-02-15T23:14:37.803Z - info: [0mGET /server-error [36m302 [0m2.603 ms - 70[0m

2018-02-15T23:14:37.810Z - info: [0mGET /server-error [36m302 [0m3.236 ms - 70[0m

2018-02-15T23:14:37.817Z - info: [0mGET /server-error [36m302 [0m3.066 ms - 70[0m

2018-02-15T23:14:37.823Z - info: [0mGET /server-error [36m302 [0m2.413 ms - 70[0m

2018-02-15T23:14:37.834Z - info: [0mGET /server-error [36m302 [0m8.164 ms - 70[0m

2018-02-15T23:14:37.841Z - info: [0mGET /server-error [36m302 [0m2.899 ms - 70[0m

2018-02-15T23:14:37.848Z - info: [0mGET /server-error [36m302 [0m3.651 ms - 70[0m

2018-02-15T23:14:37.855Z - info: [0mGET /server-error [36m302 [0m3.090 ms - 70[0m

2018-02-15T23:14:37.945Z - info: [0mGET /server-error [36m302 [0m3.868 ms - 70[0m

2018-02-15T23:14:37.950Z - info: [0mGET /server-error [36m302 [0m2.199 ms - 70[0m

2018-02-15T23:14:37.955Z - info: [0mGET /server-error [36m302 [0m2.059 ms - 70[0m

2018-02-15T23:14:37.961Z - info: [0mGET /server-error [36m302 [0m2.560 ms - 70[0m

2018-02-15T23:14:37.970Z - info: [0mGET /server-error [36m302 [0m3.450 ms - 70[0m

2018-02-15T23:14:37.977Z - info: [0mGET /server-error [36m302 [0m3.180 ms - 70[0m

2018-02-15T23:14:37.982Z - info: [0mGET /server-error [36m302 [0m2.140 ms - 70[0m

2018-02-15T23:14:37.986Z - info: [0mGET /server-error [36m302 [0m2.064 ms - 70[0m

2018-02-15T23:14:37.991Z - info: [0mGET /server-error [36m302 [0m2.351 ms - 70[0m

2018-02-15T23:14:37.998Z - info: [0mGET /server-error [36m302 [0m2.959 ms - 70[0m

2018-02-15T23:14:38.005Z - info: [0mGET /server-error [36m302 [0m2.830 ms - 70[0m

2018-02-15T23:14:38.011Z - info: [0mGET /server-error [36m302 [0m3.181 ms - 70[0m

2018-02-15T23:14:38.018Z - info: [0mGET /server-error [36m302 [0m3.037 ms - 70[0m

2018-02-15T23:14:38.024Z - info: [0mGET /server-error [36m302 [0m2.198 ms - 70[0m

2018-02-15T23:14:38.029Z - info: [0mGET /server-error [36m302 [0m2.744 ms - 70[0m

2018-02-15T23:14:38.037Z - info: [0mGET /server-error [36m302 [0m3.020 ms - 70[0m

2018-02-15T23:14:38.043Z - info: [0mGET /server-error [36m302 [0m2.865 ms - 70[0m

2018-02-15T23:14:38.051Z - info: [0mGET /server-error [36m302 [0m3.434 ms - 70[0m

2018-02-15T23:14:38.057Z - info: [0mGET /server-error [36m302 [0m2.714 ms - 70[0m

2018-02-15T23:14:38.064Z - info: [0mGET /server-error [36m302 [0m2.600 ms - 70[0m

2018-02-15T23:14:38.069Z - info: [0mGET /server-error [36m302 [0m2.250 ms - 70[0m

2018-02-15T23:16:21.251Z - info: [0mGET / [36m302 [0m31.072 ms - 70[0m

2018-02-15T23:16:21.262Z - info: [0mGET /server-error [36m302 [0m7.170 ms - 70[0m

2018-02-15T23:16:21.269Z - info: [0mGET /server-error [36m302 [0m3.912 ms - 70[0m

2018-02-15T23:16:21.277Z - info: [0mGET /server-error [36m302 [0m4.230 ms - 70[0m

2018-02-15T23:16:21.282Z - info: [0mGET /server-error [36m302 [0m2.803 ms - 70[0m

2018-02-15T23:16:21.287Z - info: [0mGET /server-error [36m302 [0m2.464 ms - 70[0m

2018-02-15T23:16:21.294Z - info: [0mGET /server-error [36m302 [0m3.397 ms - 70[0m

2018-02-15T23:16:21.300Z - info: [0mGET /server-error [36m302 [0m2.858 ms - 70[0m

2018-02-15T23:16:21.308Z - info: [0mGET /server-error [36m302 [0m3.077 ms - 70[0m

2018-02-15T23:16:21.315Z - info: [0mGET /server-error [36m302 [0m3.224 ms - 70[0m

2018-02-15T23:16:21.320Z - info: [0mGET /server-error [36m302 [0m2.308 ms - 70[0m

2018-02-15T23:16:21.325Z - info: [0mGET /server-error [36m302 [0m2.203 ms - 70[0m

2018-02-15T23:16:21.330Z - info: [0mGET /server-error [36m302 [0m2.232 ms - 70[0m

2018-02-15T23:16:21.336Z - info: [0mGET /server-error [36m302 [0m2.715 ms - 70[0m

2018-02-15T23:16:21.342Z - info: [0mGET /server-error [36m302 [0m2.525 ms - 70[0m

2018-02-15T23:16:21.348Z - info: [0mGET /server-error [36m302 [0m2.948 ms - 70[0m

2018-02-15T23:16:21.355Z - info: [0mGET /server-error [36m302 [0m2.908 ms - 70[0m

2018-02-15T23:16:21.365Z - info: [0mGET /server-error [36m302 [0m7.669 ms - 70[0m

2018-02-15T23:16:21.370Z - info: [0mGET /server-error [36m302 [0m2.168 ms - 70[0m

2018-02-15T23:16:21.377Z - info: [0mGET /server-error [36m302 [0m3.010 ms - 70[0m

2018-02-15T23:16:21.383Z - info: [0mGET /server-error [36m302 [0m3.081 ms - 70[0m

2018-02-15T23:16:21.472Z - info: [0mGET /server-error [36m302 [0m2.650 ms - 70[0m

2018-02-15T23:16:21.479Z - info: [0mGET /server-error [36m302 [0m2.771 ms - 70[0m

2018-02-15T23:16:21.487Z - info: [0mGET /server-error [36m302 [0m2.312 ms - 70[0m

2018-02-15T23:16:21.494Z - info: [0mGET /server-error [36m302 [0m3.692 ms - 70[0m

2018-02-15T23:16:21.501Z - info: [0mGET /server-error [36m302 [0m3.830 ms - 70[0m

2018-02-15T23:16:21.508Z - info: [0mGET /server-error [36m302 [0m3.004 ms - 70[0m

2018-02-15T23:16:21.514Z - info: [0mGET /server-error [36m302 [0m2.539 ms - 70[0m

2018-02-15T23:16:21.519Z - info: [0mGET /server-error [36m302 [0m2.243 ms - 70[0m

2018-02-15T23:16:21.524Z - info: [0mGET /server-error [36m302 [0m2.420 ms - 70[0m

2018-02-15T23:16:21.531Z - info: [0mGET /server-error [36m302 [0m3.342 ms - 70[0m

2018-02-15T23:16:21.538Z - info: [0mGET /server-error [36m302 [0m2.755 ms - 70[0m

2018-02-15T23:16:21.544Z - info: [0mGET /server-error [36m302 [0m3.427 ms - 70[0m

2018-02-15T23:16:21.551Z - info: [0mGET /server-error [36m302 [0m3.163 ms - 70[0m

2018-02-15T23:16:21.557Z - info: [0mGET /server-error [36m302 [0m2.697 ms - 70[0m

2018-02-15T23:16:21.564Z - info: [0mGET /server-error [36m302 [0m2.514 ms - 70[0m

2018-02-15T23:16:21.569Z - info: [0mGET /server-error [36m302 [0m2.339 ms - 70[0m

2018-02-15T23:16:21.574Z - info: [0mGET /server-error [36m302 [0m2.072 ms - 70[0m

2018-02-15T23:16:21.580Z - info: [0mGET /server-error [36m302 [0m2.660 ms - 70[0m

2018-02-15T23:16:21.587Z - info: [0mGET /server-error [36m302 [0m2.394 ms - 70[0m

2018-02-15T23:16:21.594Z - info: [0mGET /server-error [36m302 [0m2.978 ms - 70[0m

2018-02-15T23:16:21.600Z - info: [0mGET /server-error [36m302 [0m2.882 ms - 70[0m

2018-02-15T23:16:26.610Z - info: [0mGET /server-error [36m302 [0m3.812 ms - 70[0m

2018-02-15T23:16:26.616Z - info: [0mGET /server-error [36m302 [0m2.561 ms - 70[0m

2018-02-15T23:16:26.621Z - info: [0mGET /server-error [36m302 [0m1.992 ms - 70[0m

2018-02-15T23:16:26.626Z - info: [0mGET /server-error [36m302 [0m2.456 ms - 70[0m

2018-02-15T23:16:26.631Z - info: [0mGET /server-error [36m302 [0m2.169 ms - 70[0m

2018-02-15T23:16:26.637Z - info: [0mGET /server-error [36m302 [0m2.768 ms - 70[0m

2018-02-15T23:16:26.644Z - info: [0mGET /server-error [36m302 [0m3.779 ms - 70[0m

2018-02-15T23:16:26.652Z - info: [0mGET /server-error [36m302 [0m3.804 ms - 70[0m

2018-02-15T23:16:26.659Z - info: [0mGET /server-error [36m302 [0m3.224 ms - 70[0m

2018-02-15T23:16:26.664Z - info: [0mGET /server-error [36m302 [0m2.281 ms - 70[0m

2018-02-15T23:16:26.671Z - info: [0mGET /server-error [36m302 [0m3.198 ms - 70[0m

2018-02-15T23:16:26.679Z - info: [0mGET /server-error [36m302 [0m3.239 ms - 70[0m

2018-02-15T23:16:26.685Z - info: [0mGET /server-error [36m302 [0m2.715 ms - 70[0m

2018-02-15T23:16:26.692Z - info: [0mGET /server-error [36m302 [0m2.612 ms - 70[0m

2018-02-15T23:16:26.698Z - info: [0mGET /server-error [36m302 [0m3.141 ms - 70[0m

2018-02-15T23:16:26.704Z - info: [0mGET /server-error [36m302 [0m3.132 ms - 70[0m

2018-02-15T23:16:26.711Z - info: [0mGET /server-error [36m302 [0m2.951 ms - 70[0m

2018-02-15T23:16:26.717Z - info: [0mGET /server-error [36m302 [0m3.117 ms - 70[0m

2018-02-15T23:16:26.724Z - info: [0mGET /server-error [36m302 [0m3.136 ms - 70[0m

2018-02-15T23:16:26.730Z - info: [0mGET /server-error [36m302 [0m2.572 ms - 70[0m

2018-02-15T23:16:26.735Z - info: [0mGET /server-error [36m302 [0m2.289 ms - 70[0m

2018-02-15T23:18:24.325Z - info: [0mGET / [36m302 [0m30.248 ms - 70[0m

2018-02-15T23:18:24.333Z - info: [0mGET /server-error [36m302 [0m5.226 ms - 70[0m

2018-02-15T23:18:24.340Z - info: [0mGET /server-error [36m302 [0m3.447 ms - 70[0m

2018-02-15T23:18:24.346Z - info: [0mGET /server-error [36m302 [0m2.515 ms - 70[0m

2018-02-15T23:18:24.352Z - info: [0mGET /server-error [36m302 [0m2.953 ms - 70[0m

2018-02-15T23:18:24.358Z - info: [0mGET /server-error [36m302 [0m2.717 ms - 70[0m

2018-02-15T23:18:24.365Z - info: [0mGET /server-error [36m302 [0m3.110 ms - 70[0m

2018-02-15T23:18:24.376Z - info: [0mGET /server-error [36m302 [0m4.275 ms - 70[0m

2018-02-15T23:18:24.385Z - info: [0mGET /server-error [36m302 [0m3.355 ms - 70[0m

2018-02-15T23:18:24.391Z - info: [0mGET /server-error [36m302 [0m2.868 ms - 70[0m

2018-02-15T23:18:24.398Z - info: [0mGET /server-error [36m302 [0m3.516 ms - 70[0m

2018-02-15T23:18:24.406Z - info: [0mGET /server-error [36m302 [0m2.873 ms - 70[0m

2018-02-15T23:18:24.410Z - info: [0mGET /server-error [36m302 [0m2.280 ms - 70[0m

2018-02-15T23:18:24.415Z - info: [0mGET /server-error [36m302 [0m2.126 ms - 70[0m

2018-02-15T23:18:24.420Z - info: [0mGET /server-error [36m302 [0m2.148 ms - 70[0m

2018-02-15T23:18:24.431Z - info: [0mGET /server-error [36m302 [0m7.250 ms - 70[0m

2018-02-15T23:18:24.438Z - info: [0mGET /server-error [36m302 [0m3.105 ms - 70[0m

2018-02-15T23:18:24.444Z - info: [0mGET /server-error [36m302 [0m3.000 ms - 70[0m

2018-02-15T23:18:24.449Z - info: [0mGET /server-error [36m302 [0m2.177 ms - 70[0m

2018-02-15T23:18:24.454Z - info: [0mGET /server-error [36m302 [0m2.522 ms - 70[0m

2018-02-15T23:18:24.461Z - info: [0mGET /server-error [36m302 [0m3.460 ms - 70[0m

2018-02-15T23:18:24.547Z - info: [0mGET /server-error [36m302 [0m3.244 ms - 70[0m

2018-02-15T23:18:24.552Z - info: [0mGET /server-error [36m302 [0m2.301 ms - 70[0m

2018-02-15T23:18:24.558Z - info: [0mGET /server-error [36m302 [0m2.582 ms - 70[0m

2018-02-15T23:18:24.564Z - info: [0mGET /server-error [36m302 [0m2.122 ms - 70[0m

2018-02-15T23:18:24.570Z - info: [0mGET /server-error [36m302 [0m2.646 ms - 70[0m

2018-02-15T23:18:24.579Z - info: [0mGET /server-error [36m302 [0m3.355 ms - 70[0m

2018-02-15T23:18:24.584Z - info: [0mGET /server-error [36m302 [0m2.535 ms - 70[0m

2018-02-15T23:18:24.590Z - info: [0mGET /server-error [36m302 [0m2.642 ms - 70[0m

2018-02-15T23:18:24.596Z - info: [0mGET /server-error [36m302 [0m2.614 ms - 70[0m

2018-02-15T23:18:24.602Z - info: [0mGET /server-error [36m302 [0m2.567 ms - 70[0m

2018-02-15T23:18:24.608Z - info: [0mGET /server-error [36m302 [0m3.288 ms - 70[0m

2018-02-15T23:18:24.616Z - info: [0mGET /server-error [36m302 [0m3.665 ms - 70[0m

2018-02-15T23:18:24.622Z - info: [0mGET /server-error [36m302 [0m2.565 ms - 70[0m

2018-02-15T23:18:24.628Z - info: [0mGET /server-error [36m302 [0m2.434 ms - 70[0m

2018-02-15T23:18:24.634Z - info: [0mGET /server-error [36m302 [0m2.423 ms - 70[0m

2018-02-15T23:18:24.641Z - info: [0mGET /server-error [36m302 [0m3.763 ms - 70[0m

2018-02-15T23:18:24.645Z - info: [0mGET /server-error [36m302 [0m2.345 ms - 70[0m

2018-02-15T23:18:24.652Z - info: [0mGET /server-error [36m302 [0m3.340 ms - 70[0m

2018-02-15T23:18:24.658Z - info: [0mGET /server-error [36m302 [0m2.703 ms - 70[0m

2018-02-15T23:18:24.663Z - info: [0mGET /server-error [36m302 [0m2.225 ms - 70[0m

2018-02-15T23:18:24.668Z - info: [0mGET /server-error [36m302 [0m2.064 ms - 70[0m

2018-02-15T23:23:26.592Z - info: [0mGET / [36m302 [0m30.184 ms - 70[0m

2018-02-15T23:23:26.600Z - info: [0mGET /server-error [36m302 [0m5.350 ms - 70[0m

2018-02-15T23:23:26.606Z - info: [0mGET /server-error [36m302 [0m3.139 ms - 70[0m

2018-02-15T23:23:26.611Z - info: [0mGET /server-error [36m302 [0m2.561 ms - 70[0m

2018-02-15T23:23:26.619Z - info: [0mGET /server-error [36m302 [0m3.821 ms - 70[0m

2018-02-15T23:23:26.627Z - info: [0mGET /server-error [36m302 [0m3.647 ms - 70[0m

2018-02-15T23:23:26.634Z - info: [0mGET /server-error [36m302 [0m3.617 ms - 70[0m

2018-02-15T23:23:26.640Z - info: [0mGET /server-error [36m302 [0m2.456 ms - 70[0m

2018-02-15T23:23:26.645Z - info: [0mGET /server-error [36m302 [0m2.264 ms - 70[0m

2018-02-15T23:23:26.653Z - info: [0mGET /server-error [36m302 [0m3.686 ms - 70[0m

2018-02-15T23:23:26.660Z - info: [0mGET /server-error [36m302 [0m2.914 ms - 70[0m

2018-02-15T23:23:26.667Z - info: [0mGET /server-error [36m302 [0m2.993 ms - 70[0m

2018-02-15T23:23:26.673Z - info: [0mGET /server-error [36m302 [0m3.176 ms - 70[0m

2018-02-15T23:23:26.679Z - info: [0mGET /server-error [36m302 [0m2.504 ms - 70[0m

2018-02-15T23:23:26.685Z - info: [0mGET /server-error [36m302 [0m2.923 ms - 70[0m

2018-02-15T23:23:26.697Z - info: [0mGET /server-error [36m302 [0m9.245 ms - 70[0m

2018-02-15T23:23:26.704Z - info: [0mGET /server-error [36m302 [0m3.191 ms - 70[0m

2018-02-15T23:23:26.710Z - info: [0mGET /server-error [36m302 [0m2.560 ms - 70[0m

2018-02-15T23:23:26.716Z - info: [0mGET /server-error [36m302 [0m2.755 ms - 70[0m

2018-02-15T23:23:26.722Z - info: [0mGET /server-error [36m302 [0m2.831 ms - 70[0m

2018-02-15T23:23:26.730Z - info: [0mGET /server-error [36m302 [0m2.602 ms - 70[0m

2018-02-15T23:23:26.814Z - info: [0mGET /server-error [36m302 [0m2.488 ms - 70[0m

2018-02-15T23:23:26.820Z - info: [0mGET /server-error [36m302 [0m2.480 ms - 70[0m

2018-02-15T23:23:26.825Z - info: [0mGET /server-error [36m302 [0m2.261 ms - 70[0m

2018-02-15T23:23:26.831Z - info: [0mGET /server-error [36m302 [0m2.928 ms - 70[0m

2018-02-15T23:23:26.837Z - info: [0mGET /server-error [36m302 [0m2.248 ms - 70[0m

2018-02-15T23:23:26.841Z - info: [0mGET /server-error [36m302 [0m2.154 ms - 70[0m

2018-02-15T23:23:26.846Z - info: [0mGET /server-error [36m302 [0m2.277 ms - 70[0m

2018-02-15T23:23:26.853Z - info: [0mGET /server-error [36m302 [0m3.003 ms - 70[0m

2018-02-15T23:23:26.859Z - info: [0mGET /server-error [36m302 [0m2.763 ms - 70[0m

2018-02-15T23:23:26.866Z - info: [0mGET /server-error [36m302 [0m2.952 ms - 70[0m

2018-02-15T23:23:26.872Z - info: [0mGET /server-error [36m302 [0m3.103 ms - 70[0m

2018-02-15T23:23:26.878Z - info: [0mGET /server-error [36m302 [0m2.893 ms - 70[0m

2018-02-15T23:23:26.884Z - info: [0mGET /server-error [36m302 [0m2.527 ms - 70[0m

2018-02-15T23:23:26.889Z - info: [0mGET /server-error [36m302 [0m2.346 ms - 70[0m

2018-02-15T23:23:26.896Z - info: [0mGET /server-error [36m302 [0m3.191 ms - 70[0m

2018-02-15T23:23:26.903Z - info: [0mGET /server-error [36m302 [0m3.338 ms - 70[0m

2018-02-15T23:23:26.907Z - info: [0mGET /server-error [36m302 [0m2.089 ms - 70[0m

2018-02-15T23:23:26.913Z - info: [0mGET /server-error [36m302 [0m2.785 ms - 70[0m

2018-02-15T23:23:26.920Z - info: [0mGET /server-error [36m302 [0m2.823 ms - 70[0m

2018-02-15T23:23:26.926Z - info: [0mGET /server-error [36m302 [0m2.890 ms - 70[0m

2018-02-15T23:23:26.931Z - info: [0mGET /server-error [36m302 [0m2.232 ms - 70[0m

2018-02-15T23:23:31.943Z - info: [0mGET /server-error [36m302 [0m3.682 ms - 70[0m

2018-02-15T23:23:31.949Z - info: [0mGET /server-error [36m302 [0m2.830 ms - 70[0m

2018-02-15T23:23:31.955Z - info: [0mGET /server-error [36m302 [0m2.668 ms - 70[0m

2018-02-15T23:23:31.961Z - info: [0mGET /server-error [36m302 [0m2.871 ms - 70[0m

2018-02-15T23:23:31.968Z - info: [0mGET /server-error [36m302 [0m2.839 ms - 70[0m

2018-02-15T23:23:31.972Z - info: [0mGET /server-error [36m302 [0m2.326 ms - 70[0m

2018-02-15T23:23:31.980Z - info: [0mGET /server-error [36m302 [0m2.536 ms - 70[0m

2018-02-15T23:23:31.986Z - info: [0mGET /server-error [36m302 [0m2.945 ms - 70[0m

2018-02-15T23:23:31.994Z - info: [0mGET /server-error [36m302 [0m4.046 ms - 70[0m

2018-02-15T23:23:32.000Z - info: [0mGET /server-error [36m302 [0m2.751 ms - 70[0m

2018-02-15T23:23:32.005Z - info: [0mGET /server-error [36m302 [0m2.077 ms - 70[0m

2018-02-15T23:23:32.012Z - info: [0mGET /server-error [36m302 [0m3.319 ms - 70[0m

2018-02-15T23:23:32.019Z - info: [0mGET /server-error [36m302 [0m3.490 ms - 70[0m

2018-02-15T23:23:32.029Z - info: [0mGET /server-error [36m302 [0m4.987 ms - 70[0m

2018-02-15T23:23:32.036Z - info: [0mGET /server-error [36m302 [0m3.008 ms - 70[0m

2018-02-15T23:23:32.041Z - info: [0mGET /server-error [36m302 [0m2.267 ms - 70[0m

2018-02-15T23:23:32.045Z - info: [0mGET /server-error [36m302 [0m1.952 ms - 70[0m

2018-02-15T23:23:32.052Z - info: [0mGET /server-error [36m302 [0m2.707 ms - 70[0m

2018-02-15T23:23:32.058Z - info: [0mGET /server-error [36m302 [0m2.756 ms - 70[0m

2018-02-15T23:23:32.065Z - info: [0mGET /server-error [36m302 [0m3.892 ms - 70[0m

2018-02-15T23:23:32.071Z - info: [0mGET /server-error [36m302 [0m2.884 ms - 70[0m

2018-02-15T23:35:58.881Z - info: [0mGET / [32m200 [0m18.892 ms - -[0m

2018-02-15T23:35:58.886Z - info: [0mGET /f5cf1b890db925b08f141c26dec5b95e.jpg [36m304 [0m0.913 ms - -[0m

2018-02-15T23:38:17.177Z - info: [0mGET /f5cf1b890db925b08f141c26dec5b95e.jpg [36m304 [0m3.316 ms - -[0m

2018-02-15T23:43:27.715Z - info: [0mGET / [36m302 [0m524.888 ms - 70[0m

2018-02-15T23:43:27.727Z - info: [0mGET /server-error [36m302 [0m5.271 ms - 70[0m

2018-02-15T23:43:27.738Z - info: [0mGET /server-error [36m302 [0m4.036 ms - 70[0m

2018-02-15T23:43:27.768Z - info: [0mGET /server-error [36m302 [0m15.870 ms - 70[0m

2018-02-15T23:43:27.787Z - info: [0mGET /server-error [36m302 [0m7.652 ms - 70[0m

2018-02-15T23:43:27.797Z - info: [0mGET /server-error [36m302 [0m7.280 ms - 70[0m

2018-02-15T23:43:27.801Z - info: [0mGET /server-error [36m302 [0m2.657 ms - 70[0m

2018-02-15T23:43:27.806Z - info: [0mGET /server-error [36m302 [0m2.218 ms - 70[0m

2018-02-15T23:43:27.811Z - info: [0mGET /server-error [36m302 [0m2.014 ms - 70[0m

2018-02-15T23:43:27.817Z - info: [0mGET /server-error [36m302 [0m2.519 ms - 70[0m

2018-02-15T23:43:27.829Z - info: [0mGET /server-error [36m302 [0m3.397 ms - 70[0m

2018-02-15T23:43:27.835Z - info: [0mGET /server-error [36m302 [0m2.570 ms - 70[0m

2018-02-15T23:43:27.840Z - info: [0mGET /server-error [36m302 [0m2.288 ms - 70[0m

2018-02-15T23:43:27.845Z - info: [0mGET /server-error [36m302 [0m2.463 ms - 70[0m

2018-02-15T23:43:27.857Z - info: [0mGET /server-error [36m302 [0m7.877 ms - 70[0m

2018-02-15T23:43:27.863Z - info: [0mGET /server-error [36m302 [0m2.987 ms - 70[0m

2018-02-15T23:43:27.869Z - info: [0mGET /server-error [36m302 [0m2.685 ms - 70[0m

2018-02-15T23:43:27.875Z - info: [0mGET /server-error [36m302 [0m2.496 ms - 70[0m

2018-02-15T23:43:27.881Z - info: [0mGET /server-error [36m302 [0m2.823 ms - 70[0m

2018-02-15T23:43:27.887Z - info: [0mGET /server-error [36m302 [0m2.516 ms - 70[0m

2018-02-15T23:43:27.894Z - info: [0mGET /server-error [36m302 [0m2.923 ms - 70[0m

2018-02-15T23:43:29.421Z - info: [0mGET /server-error [36m302 [0m2.934 ms - 70[0m

2018-02-15T23:43:29.430Z - info: [0mGET /server-error [36m302 [0m4.276 ms - 70[0m

2018-02-15T23:43:29.437Z - info: [0mGET /server-error [36m302 [0m3.595 ms - 70[0m

2018-02-15T23:43:29.445Z - info: [0mGET /server-error [36m302 [0m3.791 ms - 70[0m

2018-02-15T23:43:29.454Z - info: [0mGET /server-error [36m302 [0m3.674 ms - 70[0m

2018-02-15T23:43:29.464Z - info: [0mGET /server-error [36m302 [0m3.920 ms - 70[0m

2018-02-15T23:43:29.473Z - info: [0mGET /server-error [36m302 [0m4.684 ms - 70[0m

2018-02-15T23:43:29.481Z - info: [0mGET /server-error [36m302 [0m3.491 ms - 70[0m

2018-02-15T23:43:29.489Z - info: [0mGET /server-error [36m302 [0m3.555 ms - 70[0m

2018-02-15T23:43:29.498Z - info: [0mGET /server-error [36m302 [0m4.104 ms - 70[0m

2018-02-15T23:43:29.509Z - info: [0mGET /server-error [36m302 [0m4.356 ms - 70[0m

2018-02-15T23:43:29.517Z - info: [0mGET /server-error [36m302 [0m4.154 ms - 70[0m

2018-02-15T23:43:29.525Z - info: [0mGET /server-error [36m302 [0m3.086 ms - 70[0m

2018-02-15T23:43:29.530Z - info: [0mGET /server-error [36m302 [0m2.661 ms - 70[0m

2018-02-15T23:43:29.537Z - info: [0mGET /server-error [36m302 [0m2.980 ms - 70[0m

2018-02-15T23:43:29.542Z - info: [0mGET /server-error [36m302 [0m2.227 ms - 70[0m

2018-02-15T23:43:29.546Z - info: [0mGET /server-error [36m302 [0m2.034 ms - 70[0m

2018-02-15T23:43:29.552Z - info: [0mGET /server-error [36m302 [0m2.682 ms - 70[0m

2018-02-15T23:43:29.559Z - info: [0mGET /server-error [36m302 [0m3.199 ms - 70[0m

2018-02-15T23:43:29.647Z - info: [0mGET /server-error [36m302 [0m3.483 ms - 70[0m

2018-02-15T23:43:29.656Z - info: [0mGET /server-error [36m302 [0m4.286 ms - 70[0m

2018-02-15T23:43:29.661Z - info: [0mGET /server-error [36m302 [0m2.474 ms - 70[0m

2018-02-15T23:43:29.665Z - info: [0mGET /server-error [36m302 [0m2.070 ms - 70[0m

2018-02-15T23:43:29.672Z - info: [0mGET /server-error [36m302 [0m2.907 ms - 70[0m

2018-02-15T23:43:29.679Z - info: [0mGET /server-error [36m302 [0m2.932 ms - 70[0m

2018-02-15T23:43:29.686Z - info: [0mGET /server-error [36m302 [0m3.374 ms - 70[0m

2018-02-15T23:43:29.692Z - info: [0mGET /server-error [36m302 [0m2.713 ms - 70[0m

2018-02-15T23:43:29.698Z - info: [0mGET /server-error [36m302 [0m2.366 ms - 70[0m

2018-02-15T23:43:29.705Z - info: [0mGET /server-error [36m302 [0m2.366 ms - 70[0m

2018-02-15T23:43:29.711Z - info: [0mGET /server-error [36m302 [0m2.507 ms - 70[0m

2018-02-15T23:43:29.718Z - info: [0mGET /server-error [36m302 [0m2.836 ms - 70[0m

2018-02-15T23:43:29.726Z - info: [0mGET /server-error [36m302 [0m2.906 ms - 70[0m

2018-02-15T23:43:29.732Z - info: [0mGET /server-error [36m302 [0m2.535 ms - 70[0m

2018-02-15T23:43:29.740Z - info: [0mGET /server-error [36m302 [0m3.800 ms - 70[0m

2018-02-15T23:43:29.747Z - info: [0mGET /server-error [36m302 [0m2.371 ms - 70[0m

2018-02-15T23:43:29.751Z - info: [0mGET /server-error [36m302 [0m2.272 ms - 70[0m

2018-02-15T23:43:29.758Z - info: [0mGET /server-error [36m302 [0m2.606 ms - 70[0m

2018-02-15T23:43:29.764Z - info: [0mGET /server-error [36m302 [0m2.593 ms - 70[0m

2018-02-15T23:43:29.771Z - info: [0mGET /server-error [36m302 [0m3.547 ms - 70[0m

2018-02-15T23:43:29.777Z - info: [0mGET /server-error [36m302 [0m2.541 ms - 70[0m

2018-02-15T23:43:34.788Z - info: [0mGET /server-error [36m302 [0m2.800 ms - 70[0m

2018-02-15T23:43:34.794Z - info: [0mGET /server-error [36m302 [0m2.855 ms - 70[0m

2018-02-15T23:43:34.801Z - info: [0mGET /server-error [36m302 [0m2.815 ms - 70[0m

2018-02-15T23:43:34.813Z - info: [0mGET /server-error [36m302 [0m9.039 ms - 70[0m

2018-02-15T23:43:34.821Z - info: [0mGET /server-error [36m302 [0m3.373 ms - 70[0m

2018-02-15T23:43:34.831Z - info: [0mGET /server-error [36m302 [0m3.905 ms - 70[0m

2018-02-15T23:43:34.837Z - info: [0mGET /server-error [36m302 [0m2.850 ms - 70[0m

2018-02-15T23:43:34.844Z - info: [0mGET /server-error [36m302 [0m2.897 ms - 70[0m

2018-02-15T23:43:34.851Z - info: [0mGET /server-error [36m302 [0m3.315 ms - 70[0m

2018-02-15T23:43:34.859Z - info: [0mGET /server-error [36m302 [0m2.910 ms - 70[0m

2018-02-15T23:43:34.864Z - info: [0mGET /server-error [36m302 [0m2.263 ms - 70[0m

2018-02-15T23:43:34.869Z - info: [0mGET /server-error [36m302 [0m2.094 ms - 70[0m

2018-02-15T23:43:34.875Z - info: [0mGET /server-error [36m302 [0m2.558 ms - 70[0m

2018-02-15T23:43:34.881Z - info: [0mGET /server-error [36m302 [0m2.763 ms - 70[0m

2018-02-15T23:43:34.886Z - info: [0mGET /server-error [36m302 [0m2.611 ms - 70[0m

2018-02-15T23:43:34.892Z - info: [0mGET /server-error [36m302 [0m2.461 ms - 70[0m

2018-02-15T23:43:34.898Z - info: [0mGET /server-error [36m302 [0m2.636 ms - 70[0m

2018-02-15T23:43:34.904Z - info: [0mGET /server-error [36m302 [0m2.861 ms - 70[0m

2018-02-15T23:43:34.909Z - info: [0mGET /server-error [36m302 [0m2.184 ms - 70[0m

2018-02-15T23:43:34.914Z - info: [0mGET /server-error [36m302 [0m2.062 ms - 70[0m

2018-02-15T23:43:34.920Z - info: [0mGET /server-error [36m302 [0m2.758 ms - 70[0m

2018-02-15T23:44:05.233Z - info: [0mGET /server-error [36m302 [0m3.561 ms - 70[0m

2018-02-15T23:44:05.241Z - info: [0mGET /server-error [36m302 [0m3.667 ms - 70[0m

2018-02-15T23:44:05.249Z - info: [0mGET /server-error [36m302 [0m3.403 ms - 70[0m

2018-02-15T23:44:05.258Z - info: [0mGET /server-error [36m302 [0m4.364 ms - 70[0m

2018-02-15T23:44:05.267Z - info: [0mGET /server-error [36m302 [0m4.140 ms - 70[0m

2018-02-15T23:44:05.275Z - info: [0mGET /server-error [36m302 [0m3.081 ms - 70[0m

2018-02-15T23:44:05.282Z - info: [0mGET /server-error [36m302 [0m3.896 ms - 70[0m

2018-02-15T23:44:05.291Z - info: [0mGET /server-error [36m302 [0m3.669 ms - 70[0m

2018-02-15T23:44:05.298Z - info: [0mGET /server-error [36m302 [0m3.046 ms - 70[0m

2018-02-15T23:44:05.305Z - info: [0mGET /server-error [36m302 [0m2.646 ms - 70[0m

2018-02-15T23:44:05.312Z - info: [0mGET /server-error [36m302 [0m3.140 ms - 70[0m

2018-02-15T23:44:05.319Z - info: [0mGET /server-error [36m302 [0m3.391 ms - 70[0m

2018-02-15T23:44:05.328Z - info: [0mGET /server-error [36m302 [0m4.586 ms - 70[0m

2018-02-15T23:44:05.338Z - info: [0mGET /server-error [36m302 [0m5.141 ms - 70[0m

2018-02-15T23:44:05.344Z - info: [0mGET /server-error [36m302 [0m2.817 ms - 70[0m

2018-02-15T23:44:05.351Z - info: [0mGET /server-error [36m302 [0m3.470 ms - 70[0m

2018-02-15T23:44:05.359Z - info: [0mGET /server-error [36m302 [0m3.658 ms - 70[0m

2018-02-15T23:44:05.368Z - info: [0mGET /server-error [36m302 [0m4.901 ms - 70[0m

2018-02-15T23:44:05.374Z - info: [0mGET /server-error [36m302 [0m2.471 ms - 70[0m

2018-02-15T23:44:05.381Z - info: [0mGET /server-error [36m302 [0m3.622 ms - 70[0m

2018-02-15T23:44:05.391Z - info: [0mGET /server-error [36m302 [0m5.345 ms - 70[0m

2018-02-15T23:44:22.964Z - info: [0mGET / [36m302 [0m30.404 ms - 70[0m

2018-02-15T23:44:22.972Z - info: [0mGET /server-error [36m302 [0m4.427 ms - 70[0m

2018-02-15T23:44:22.979Z - info: [0mGET /server-error [36m302 [0m4.023 ms - 70[0m

2018-02-15T23:44:22.985Z - info: [0mGET /server-error [36m302 [0m2.647 ms - 70[0m

2018-02-15T23:44:22.992Z - info: [0mGET /server-error [36m302 [0m2.590 ms - 70[0m

2018-02-15T23:44:22.999Z - info: [0mGET /server-error [36m302 [0m3.382 ms - 70[0m

2018-02-15T23:44:23.007Z - info: [0mGET /server-error [36m302 [0m3.370 ms - 70[0m

2018-02-15T23:44:23.013Z - info: [0mGET /server-error [36m302 [0m3.285 ms - 70[0m

2018-02-15T23:44:23.020Z - info: [0mGET /server-error [36m302 [0m3.129 ms - 70[0m

2018-02-15T23:44:23.025Z - info: [0mGET /server-error [36m302 [0m2.236 ms - 70[0m

2018-02-15T23:44:23.030Z - info: [0mGET /server-error [36m302 [0m2.300 ms - 70[0m

2018-02-15T23:44:23.036Z - info: [0mGET /server-error [36m302 [0m2.710 ms - 70[0m

2018-02-15T23:44:23.042Z - info: [0mGET /server-error [36m302 [0m2.970 ms - 70[0m

2018-02-15T23:44:23.048Z - info: [0mGET /server-error [36m302 [0m2.856 ms - 70[0m

2018-02-15T23:44:23.054Z - info: [0mGET /server-error [36m302 [0m2.647 ms - 70[0m

2018-02-15T23:44:23.059Z - info: [0mGET /server-error [36m302 [0m2.135 ms - 70[0m

2018-02-15T23:44:23.065Z - info: [0mGET /server-error [36m302 [0m2.406 ms - 70[0m

2018-02-15T23:44:23.075Z - info: [0mGET /server-error [36m302 [0m7.150 ms - 70[0m

2018-02-15T23:44:23.080Z - info: [0mGET /server-error [36m302 [0m2.354 ms - 70[0m

2018-02-15T23:44:23.087Z - info: [0mGET /server-error [36m302 [0m2.828 ms - 70[0m

2018-02-15T23:44:23.093Z - info: [0mGET /server-error [36m302 [0m3.348 ms - 70[0m

2018-02-15T23:45:18.553Z - info: [0mGET / [36m302 [0m30.768 ms - 70[0m

2018-02-15T23:45:18.561Z - info: [0mGET /server-error [36m302 [0m4.407 ms - 70[0m

2018-02-15T23:45:18.569Z - info: [0mGET /server-error [36m302 [0m4.038 ms - 70[0m

2018-02-15T23:45:18.576Z - info: [0mGET /server-error [36m302 [0m3.586 ms - 70[0m

2018-02-15T23:45:18.585Z - info: [0mGET /server-error [36m302 [0m3.897 ms - 70[0m

2018-02-15T23:45:18.590Z - info: [0mGET /server-error [36m302 [0m2.711 ms - 70[0m

2018-02-15T23:45:18.596Z - info: [0mGET /server-error [36m302 [0m2.761 ms - 70[0m

2018-02-15T23:45:18.603Z - info: [0mGET /server-error [36m302 [0m3.164 ms - 70[0m

2018-02-15T23:45:18.610Z - info: [0mGET /server-error [36m302 [0m3.500 ms - 70[0m

2018-02-15T23:45:18.616Z - info: [0mGET /server-error [36m302 [0m2.762 ms - 70[0m

2018-02-15T23:45:18.622Z - info: [0mGET /server-error [36m302 [0m2.680 ms - 70[0m

2018-02-15T23:45:18.627Z - info: [0mGET /server-error [36m302 [0m2.453 ms - 70[0m

2018-02-15T23:45:18.632Z - info: [0mGET /server-error [36m302 [0m2.070 ms - 70[0m

2018-02-15T23:45:18.638Z - info: [0mGET /server-error [36m302 [0m2.792 ms - 70[0m

2018-02-15T23:45:18.644Z - info: [0mGET /server-error [36m302 [0m2.627 ms - 70[0m

2018-02-15T23:45:18.650Z - info: [0mGET /server-error [36m302 [0m2.768 ms - 70[0m

2018-02-15T23:45:18.659Z - info: [0mGET /server-error [36m302 [0m3.678 ms - 70[0m

2018-02-15T23:45:18.672Z - info: [0mGET /server-error [36m302 [0m10.173 ms - 70[0m

2018-02-15T23:45:18.677Z - info: [0mGET /server-error [36m302 [0m2.024 ms - 70[0m

2018-02-15T23:45:18.684Z - info: [0mGET /server-error [36m302 [0m2.775 ms - 70[0m

2018-02-15T23:45:18.689Z - info: [0mGET /server-error [36m302 [0m2.621 ms - 70[0m

2018-02-15T23:45:18.773Z - info: [0mGET /server-error [36m302 [0m2.505 ms - 70[0m

2018-02-15T23:45:18.779Z - info: [0mGET /server-error [36m302 [0m2.362 ms - 70[0m

2018-02-15T23:45:18.786Z - info: [0mGET /server-error [36m302 [0m3.200 ms - 70[0m

2018-02-15T23:45:18.793Z - info: [0mGET /server-error [36m302 [0m3.762 ms - 70[0m

2018-02-15T23:45:18.799Z - info: [0mGET /server-error [36m302 [0m2.313 ms - 70[0m

2018-02-15T23:45:18.804Z - info: [0mGET /server-error [36m302 [0m2.323 ms - 70[0m

2018-02-15T23:45:18.810Z - info: [0mGET /server-error [36m302 [0m2.474 ms - 70[0m

2018-02-15T23:45:18.815Z - info: [0mGET /server-error [36m302 [0m2.620 ms - 70[0m

2018-02-15T23:45:18.823Z - info: [0mGET /server-error [36m302 [0m2.768 ms - 70[0m

2018-02-15T23:45:18.828Z - info: [0mGET /server-error [36m302 [0m2.546 ms - 70[0m

2018-02-15T23:45:18.835Z - info: [0mGET /server-error [36m302 [0m3.534 ms - 70[0m

2018-02-15T23:45:18.840Z - info: [0mGET /server-error [36m302 [0m2.581 ms - 70[0m

2018-02-15T23:45:18.845Z - info: [0mGET /server-error [36m302 [0m2.096 ms - 70[0m

2018-02-15T23:45:18.851Z - info: [0mGET /server-error [36m302 [0m2.794 ms - 70[0m

2018-02-15T23:45:18.858Z - info: [0mGET /server-error [36m302 [0m2.704 ms - 70[0m

2018-02-15T23:45:18.865Z - info: [0mGET /server-error [36m302 [0m2.270 ms - 70[0m

2018-02-15T23:45:18.871Z - info: [0mGET /server-error [36m302 [0m2.545 ms - 70[0m

2018-02-15T23:45:18.877Z - info: [0mGET /server-error [36m302 [0m2.597 ms - 70[0m

2018-02-15T23:45:18.882Z - info: [0mGET /server-error [36m302 [0m2.241 ms - 70[0m

2018-02-15T23:45:18.887Z - info: [0mGET /server-error [36m302 [0m2.441 ms - 70[0m

2018-02-15T23:45:18.893Z - info: [0mGET /server-error [36m302 [0m2.627 ms - 70[0m

2018-02-15T23:45:23.906Z - info: [0mGET /server-error [36m302 [0m3.228 ms - 70[0m

2018-02-15T23:45:23.913Z - info: [0mGET /server-error [36m302 [0m3.251 ms - 70[0m

2018-02-15T23:45:23.920Z - info: [0mGET /server-error [36m302 [0m2.767 ms - 70[0m

2018-02-15T23:45:23.926Z - info: [0mGET /server-error [36m302 [0m2.378 ms - 70[0m

2018-02-15T23:45:23.933Z - info: [0mGET /server-error [36m302 [0m3.362 ms - 70[0m

2018-02-15T23:45:23.940Z - info: [0mGET /server-error [36m302 [0m3.006 ms - 70[0m

2018-02-15T23:45:23.946Z - info: [0mGET /server-error [36m302 [0m2.990 ms - 70[0m

2018-02-15T23:45:23.953Z - info: [0mGET /server-error [36m302 [0m3.060 ms - 70[0m

2018-02-15T23:45:23.959Z - info: [0mGET /server-error [36m302 [0m3.633 ms - 70[0m

2018-02-15T23:45:23.966Z - info: [0mGET /server-error [36m302 [0m3.480 ms - 70[0m

2018-02-15T23:45:23.974Z - info: [0mGET /server-error [36m302 [0m2.850 ms - 70[0m

2018-02-15T23:45:23.980Z - info: [0mGET /server-error [36m302 [0m2.644 ms - 70[0m

2018-02-15T23:45:23.988Z - info: [0mGET /server-error [36m302 [0m3.129 ms - 70[0m

2018-02-15T23:45:23.993Z - info: [0mGET /server-error [36m302 [0m3.065 ms - 70[0m

2018-02-15T23:45:23.999Z - info: [0mGET /server-error [36m302 [0m2.299 ms - 70[0m

2018-02-15T23:45:24.004Z - info: [0mGET /server-error [36m302 [0m2.303 ms - 70[0m

2018-02-15T23:45:24.009Z - info: [0mGET /server-error [36m302 [0m2.057 ms - 70[0m

2018-02-15T23:45:24.014Z - info: [0mGET /server-error [36m302 [0m2.750 ms - 70[0m

2018-02-15T23:45:24.020Z - info: [0mGET /server-error [36m302 [0m2.403 ms - 70[0m

2018-02-15T23:45:24.026Z - info: [0mGET /server-error [36m302 [0m2.769 ms - 70[0m

2018-02-15T23:45:24.031Z - info: [0mGET /server-error [36m302 [0m2.323 ms - 70[0m

2018-02-16T00:04:02.901Z - info: [0mGET / [36m302 [0m34.874 ms - 70[0m

2018-02-16T00:04:02.912Z - info: [0mGET /server-error [36m302 [0m7.461 ms - 70[0m

2018-02-16T00:04:02.918Z - info: [0mGET /server-error [36m302 [0m2.939 ms - 70[0m

2018-02-16T00:04:02.925Z - info: [0mGET /server-error [36m302 [0m3.492 ms - 70[0m

2018-02-16T00:04:02.934Z - info: [0mGET /server-error [36m302 [0m3.595 ms - 70[0m

2018-02-16T00:04:02.942Z - info: [0mGET /server-error [36m302 [0m4.033 ms - 70[0m

2018-02-16T00:04:02.950Z - info: [0mGET /server-error [36m302 [0m3.403 ms - 70[0m

2018-02-16T00:04:02.957Z - info: [0mGET /server-error [36m302 [0m3.124 ms - 70[0m

2018-02-16T00:04:02.964Z - info: [0mGET /server-error [36m302 [0m2.936 ms - 70[0m

2018-02-16T00:04:02.973Z - info: [0mGET /server-error [36m302 [0m4.036 ms - 70[0m

2018-02-16T00:04:02.980Z - info: [0mGET /server-error [36m302 [0m3.359 ms - 70[0m

2018-02-16T00:04:02.987Z - info: [0mGET /server-error [36m302 [0m2.977 ms - 70[0m

2018-02-16T00:04:02.994Z - info: [0mGET /server-error [36m302 [0m3.155 ms - 70[0m

2018-02-16T00:04:03.002Z - info: [0mGET /server-error [36m302 [0m3.610 ms - 70[0m

2018-02-16T00:04:03.012Z - info: [0mGET /server-error [36m302 [0m4.285 ms - 70[0m

2018-02-16T00:04:03.018Z - info: [0mGET /server-error [36m302 [0m3.036 ms - 70[0m

2018-02-16T00:04:03.027Z - info: [0mGET /server-error [36m302 [0m3.578 ms - 70[0m

2018-02-16T00:04:03.038Z - info: [0mGET /server-error [36m302 [0m7.823 ms - 70[0m

2018-02-16T00:04:03.045Z - info: [0mGET /server-error [36m302 [0m3.906 ms - 70[0m

2018-02-16T00:04:03.054Z - info: [0mGET /server-error [36m302 [0m3.757 ms - 70[0m

2018-02-16T00:04:03.062Z - info: [0mGET /server-error [36m302 [0m3.866 ms - 70[0m

2018-02-16T00:04:03.160Z - info: [0mGET /server-error [36m302 [0m3.762 ms - 70[0m

2018-02-16T00:04:03.166Z - info: [0mGET /server-error [36m302 [0m2.836 ms - 70[0m

2018-02-16T00:04:03.174Z - info: [0mGET /server-error [36m302 [0m2.690 ms - 70[0m

2018-02-16T00:04:03.183Z - info: [0mGET /server-error [36m302 [0m4.550 ms - 70[0m

2018-02-16T00:04:03.191Z - info: [0mGET /server-error [36m302 [0m3.548 ms - 70[0m

2018-02-16T00:04:03.199Z - info: [0mGET /server-error [36m302 [0m3.075 ms - 70[0m

2018-02-16T00:04:03.204Z - info: [0mGET /server-error [36m302 [0m2.614 ms - 70[0m

2018-02-16T00:04:03.212Z - info: [0mGET /server-error [36m302 [0m3.768 ms - 70[0m

2018-02-16T00:04:03.219Z - info: [0mGET /server-error [36m302 [0m3.557 ms - 70[0m

2018-02-16T00:04:03.227Z - info: [0mGET /server-error [36m302 [0m3.570 ms - 70[0m

2018-02-16T00:04:03.236Z - info: [0mGET /server-error [36m302 [0m3.171 ms - 70[0m

2018-02-16T00:04:03.243Z - info: [0mGET /server-error [36m302 [0m3.423 ms - 70[0m

2018-02-16T00:04:03.249Z - info: [0mGET /server-error [36m302 [0m2.802 ms - 70[0m

2018-02-16T00:04:03.258Z - info: [0mGET /server-error [36m302 [0m3.870 ms - 70[0m

2018-02-16T00:04:03.266Z - info: [0mGET /server-error [36m302 [0m3.339 ms - 70[0m

2018-02-16T00:04:03.273Z - info: [0mGET /server-error [36m302 [0m3.371 ms - 70[0m

2018-02-16T00:04:03.280Z - info: [0mGET /server-error [36m302 [0m3.542 ms - 70[0m

2018-02-16T00:04:03.286Z - info: [0mGET /server-error [36m302 [0m2.638 ms - 70[0m

2018-02-16T00:04:03.293Z - info: [0mGET /server-error [36m302 [0m2.927 ms - 70[0m

2018-02-16T00:04:03.300Z - info: [0mGET /server-error [36m302 [0m3.408 ms - 70[0m

2018-02-16T00:04:03.308Z - info: [0mGET /server-error [36m302 [0m3.196 ms - 70[0m

2018-02-16T00:04:08.318Z - info: [0mGET /server-error [36m302 [0m3.733 ms - 70[0m

2018-02-16T00:04:08.324Z - info: [0mGET /server-error [36m302 [0m2.337 ms - 70[0m

2018-02-16T00:04:08.329Z - info: [0mGET /server-error [36m302 [0m2.161 ms - 70[0m

2018-02-16T00:04:08.333Z - info: [0mGET /server-error [36m302 [0m1.976 ms - 70[0m

2018-02-16T00:04:08.338Z - info: [0mGET /server-error [36m302 [0m2.079 ms - 70[0m

2018-02-16T00:04:08.345Z - info: [0mGET /server-error [36m302 [0m2.691 ms - 70[0m

2018-02-16T00:04:08.352Z - info: [0mGET /server-error [36m302 [0m3.140 ms - 70[0m

2018-02-16T00:04:08.359Z - info: [0mGET /server-error [36m302 [0m4.079 ms - 70[0m

2018-02-16T00:04:08.367Z - info: [0mGET /server-error [36m302 [0m3.668 ms - 70[0m

2018-02-16T00:04:08.372Z - info: [0mGET /server-error [36m302 [0m2.351 ms - 70[0m

2018-02-16T00:04:08.378Z - info: [0mGET /server-error [36m302 [0m2.363 ms - 70[0m

2018-02-16T00:04:08.385Z - info: [0mGET /server-error [36m302 [0m3.362 ms - 70[0m

2018-02-16T00:04:08.392Z - info: [0mGET /server-error [36m302 [0m2.842 ms - 70[0m

2018-02-16T00:04:08.399Z - info: [0mGET /server-error [36m302 [0m3.036 ms - 70[0m

2018-02-16T00:04:08.404Z - info: [0mGET /server-error [36m302 [0m2.804 ms - 70[0m

2018-02-16T00:04:08.409Z - info: [0mGET /server-error [36m302 [0m2.408 ms - 70[0m

2018-02-16T00:04:08.414Z - info: [0mGET /server-error [36m302 [0m2.505 ms - 70[0m

2018-02-16T00:04:08.420Z - info: [0mGET /server-error [36m302 [0m2.508 ms - 70[0m

2018-02-16T00:04:08.427Z - info: [0mGET /server-error [36m302 [0m2.818 ms - 70[0m

2018-02-16T00:04:08.433Z - info: [0mGET /server-error [36m302 [0m2.618 ms - 70[0m

2018-02-16T00:04:08.440Z - info: [0mGET /server-error [36m302 [0m3.018 ms - 70[0m

2018-02-16T00:04:38.752Z - info: [0mGET /server-error [36m302 [0m2.465 ms - 70[0m

2018-02-16T00:04:38.761Z - info: [0mGET /server-error [36m302 [0m5.287 ms - 70[0m

2018-02-16T00:04:38.777Z - info: [0mGET /server-error [36m302 [0m11.624 ms - 70[0m

2018-02-16T00:04:38.788Z - info: [0mGET /server-error [36m302 [0m3.030 ms - 70[0m

2018-02-16T00:04:38.796Z - info: [0mGET /server-error [36m302 [0m3.251 ms - 70[0m

2018-02-16T00:04:38.808Z - info: [0mGET /server-error [36m302 [0m6.861 ms - 70[0m

2018-02-16T00:04:38.815Z - info: [0mGET /server-error [36m302 [0m2.988 ms - 70[0m

2018-02-16T00:04:38.822Z - info: [0mGET /server-error [36m302 [0m3.184 ms - 70[0m

2018-02-16T00:04:38.830Z - info: [0mGET /server-error [36m302 [0m3.085 ms - 70[0m

2018-02-16T00:04:38.839Z - info: [0mGET /server-error [36m302 [0m4.181 ms - 70[0m

2018-02-16T00:04:38.847Z - info: [0mGET /server-error [36m302 [0m3.708 ms - 70[0m

2018-02-16T00:04:38.854Z - info: [0mGET /server-error [36m302 [0m2.888 ms - 70[0m

2018-02-16T00:04:38.862Z - info: [0mGET /server-error [36m302 [0m3.267 ms - 70[0m

2018-02-16T00:04:38.871Z - info: [0mGET /server-error [36m302 [0m3.404 ms - 70[0m

2018-02-16T00:04:38.879Z - info: [0mGET /server-error [36m302 [0m2.968 ms - 70[0m

2018-02-16T00:04:38.885Z - info: [0mGET /server-error [36m302 [0m2.879 ms - 70[0m

2018-02-16T00:04:38.894Z - info: [0mGET /server-error [36m302 [0m4.580 ms - 70[0m

2018-02-16T00:04:38.935Z - info: [0mGET /server-error [36m302 [0m3.682 ms - 70[0m

2018-02-16T00:04:38.942Z - info: [0mGET /server-error [36m302 [0m3.598 ms - 70[0m

2018-02-16T00:04:38.950Z - info: [0mGET /server-error [36m302 [0m3.140 ms - 70[0m

2018-02-16T00:04:38.958Z - info: [0mGET /server-error [36m302 [0m4.095 ms - 70[0m

2018-02-16T00:10:00.226Z - info: [0mGET / [36m302 [0m31.064 ms - 70[0m

2018-02-16T00:10:00.235Z - info: [0mGET /server-error [36m302 [0m4.861 ms - 70[0m

2018-02-16T00:10:00.242Z - info: [0mGET /server-error [36m302 [0m3.525 ms - 70[0m

2018-02-16T00:10:00.249Z - info: [0mGET /server-error [36m302 [0m3.327 ms - 70[0m

2018-02-16T00:10:00.256Z - info: [0mGET /server-error [36m302 [0m2.990 ms - 70[0m

2018-02-16T00:10:00.263Z - info: [0mGET /server-error [36m302 [0m3.330 ms - 70[0m

2018-02-16T00:10:00.270Z - info: [0mGET /server-error [36m302 [0m2.728 ms - 70[0m

2018-02-16T00:10:00.275Z - info: [0mGET /server-error [36m302 [0m2.537 ms - 70[0m

2018-02-16T00:10:00.283Z - info: [0mGET /server-error [36m302 [0m3.359 ms - 70[0m

2018-02-16T00:10:00.295Z - info: [0mGET /server-error [36m302 [0m8.272 ms - 70[0m

2018-02-16T00:10:00.301Z - info: [0mGET /server-error [36m302 [0m2.712 ms - 70[0m

2018-02-16T00:10:00.306Z - info: [0mGET /server-error [36m302 [0m2.040 ms - 70[0m

2018-02-16T00:10:00.310Z - info: [0mGET /server-error [36m302 [0m2.038 ms - 70[0m

2018-02-16T00:10:00.316Z - info: [0mGET /server-error [36m302 [0m2.791 ms - 70[0m

2018-02-16T00:10:00.323Z - info: [0mGET /server-error [36m302 [0m3.000 ms - 70[0m

2018-02-16T00:10:00.329Z - info: [0mGET /server-error [36m302 [0m2.428 ms - 70[0m

2018-02-16T00:10:00.334Z - info: [0mGET /server-error [36m302 [0m2.512 ms - 70[0m

2018-02-16T00:10:00.340Z - info: [0mGET /server-error [36m302 [0m3.272 ms - 70[0m

2018-02-16T00:10:00.346Z - info: [0mGET /server-error [36m302 [0m2.248 ms - 70[0m

2018-02-16T00:10:00.351Z - info: [0mGET /server-error [36m302 [0m2.624 ms - 70[0m

2018-02-16T00:10:00.357Z - info: [0mGET /server-error [36m302 [0m2.627 ms - 70[0m

2018-02-16T00:10:00.441Z - info: [0mGET /server-error [36m302 [0m2.710 ms - 70[0m

2018-02-16T00:10:00.449Z - info: [0mGET /server-error [36m302 [0m2.600 ms - 70[0m

2018-02-16T00:10:00.457Z - info: [0mGET /server-error [36m302 [0m3.144 ms - 70[0m

2018-02-16T00:10:00.465Z - info: [0mGET /server-error [36m302 [0m3.869 ms - 70[0m

2018-02-16T00:10:00.470Z - info: [0mGET /server-error [36m302 [0m2.490 ms - 70[0m

2018-02-16T00:10:00.476Z - info: [0mGET /server-error [36m302 [0m3.006 ms - 70[0m

2018-02-16T00:10:00.484Z - info: [0mGET /server-error [36m302 [0m3.756 ms - 70[0m

2018-02-16T00:10:00.491Z - info: [0mGET /server-error [36m302 [0m2.701 ms - 70[0m

2018-02-16T00:10:00.497Z - info: [0mGET /server-error [36m302 [0m2.653 ms - 70[0m

2018-02-16T00:10:00.504Z - info: [0mGET /server-error [36m302 [0m3.611 ms - 70[0m

2018-02-16T00:10:00.511Z - info: [0mGET /server-error [36m302 [0m2.884 ms - 70[0m

2018-02-16T00:10:00.517Z - info: [0mGET /server-error [36m302 [0m2.788 ms - 70[0m

2018-02-16T00:10:00.521Z - info: [0mGET /server-error [36m302 [0m2.168 ms - 70[0m

2018-02-16T00:10:00.526Z - info: [0mGET /server-error [36m302 [0m2.073 ms - 70[0m

2018-02-16T00:10:00.533Z - info: [0mGET /server-error [36m302 [0m2.608 ms - 70[0m

2018-02-16T00:10:00.539Z - info: [0mGET /server-error [36m302 [0m3.354 ms - 70[0m

2018-02-16T00:10:00.544Z - info: [0mGET /server-error [36m302 [0m2.334 ms - 70[0m

2018-02-16T00:10:00.550Z - info: [0mGET /server-error [36m302 [0m3.135 ms - 70[0m

2018-02-16T00:10:00.556Z - info: [0mGET /server-error [36m302 [0m2.605 ms - 70[0m

2018-02-16T00:10:00.562Z - info: [0mGET /server-error [36m302 [0m2.572 ms - 70[0m

2018-02-16T00:10:00.567Z - info: [0mGET /server-error [36m302 [0m2.475 ms - 70[0m

2018-02-16T00:10:05.579Z - info: [0mGET /server-error [36m302 [0m3.392 ms - 70[0m

2018-02-16T00:10:05.585Z - info: [0mGET /server-error [36m302 [0m2.581 ms - 70[0m

2018-02-16T00:10:05.591Z - info: [0mGET /server-error [36m302 [0m2.438 ms - 70[0m

2018-02-16T00:10:05.596Z - info: [0mGET /server-error [36m302 [0m2.163 ms - 70[0m

2018-02-16T00:10:05.602Z - info: [0mGET /server-error [36m302 [0m3.016 ms - 70[0m

2018-02-16T00:10:05.611Z - info: [0mGET /server-error [36m302 [0m2.618 ms - 70[0m

2018-02-16T00:10:05.617Z - info: [0mGET /server-error [36m302 [0m2.757 ms - 70[0m

2018-02-16T00:10:05.624Z - info: [0mGET /server-error [36m302 [0m3.174 ms - 70[0m

2018-02-16T00:10:05.632Z - info: [0mGET /server-error [36m302 [0m3.063 ms - 70[0m

2018-02-16T00:10:05.638Z - info: [0mGET /server-error [36m302 [0m3.761 ms - 70[0m

2018-02-16T00:10:05.643Z - info: [0mGET /server-error [36m302 [0m2.285 ms - 70[0m

2018-02-16T00:10:05.648Z - info: [0mGET /server-error [36m302 [0m2.339 ms - 70[0m

2018-02-16T00:10:05.656Z - info: [0mGET /server-error [36m302 [0m3.620 ms - 70[0m

2018-02-16T00:10:05.662Z - info: [0mGET /server-error [36m302 [0m2.736 ms - 70[0m

2018-02-16T00:10:05.669Z - info: [0mGET /server-error [36m302 [0m3.368 ms - 70[0m

2018-02-16T00:10:05.680Z - info: [0mGET /server-error [36m302 [0m2.103 ms - 70[0m

2018-02-16T00:10:05.685Z - info: [0mGET /server-error [36m302 [0m2.902 ms - 70[0m

2018-02-16T00:10:05.690Z - info: [0mGET /server-error [36m302 [0m2.471 ms - 70[0m

2018-02-16T00:10:05.696Z - info: [0mGET /server-error [36m302 [0m3.160 ms - 70[0m

2018-02-16T00:10:05.704Z - info: [0mGET /server-error [36m302 [0m2.654 ms - 70[0m

2018-02-16T00:10:05.710Z - info: [0mGET /server-error [36m302 [0m2.862 ms - 70[0m

